[debug] [2022-08-15T09:52:17.880Z] ----------------------------------------------------------------------
[debug] [2022-08-15T09:52:17.882Z] Command:       C:\Program Files\nodejs\node.exe C:\Users\Akbari\AppData\Roaming\npm\node_modules\firebase-tools\lib\bin\firebase.js emulators:start
[debug] [2022-08-15T09:52:17.883Z] CLI Version:   11.6.0
[debug] [2022-08-15T09:52:17.883Z] Platform:      win32
[debug] [2022-08-15T09:52:17.883Z] Node Version:  v16.14.0
[debug] [2022-08-15T09:52:17.884Z] Time:          Mon Aug 15 2022 14:22:17 GMT+0430 (Afghanistan Time)
[debug] [2022-08-15T09:52:17.884Z] ----------------------------------------------------------------------
[debug] 
[debug] [2022-08-15T09:52:17.998Z] > command requires scopes: ["email","openid","https://www.googleapis.com/auth/cloudplatformprojects.readonly","https://www.googleapis.com/auth/firebase","https://www.googleapis.com/auth/cloud-platform"]
[debug] [2022-08-15T09:52:17.998Z] > authorizing via signed-in user (akbari01.dev@gmail.com)
[info] i  emulators: Starting emulators: functions, hosting {"metadata":{"emulator":{"name":"hub"},"message":"Starting emulators: functions, hosting"}}
[debug] [2022-08-15T09:52:18.045Z] [hub] writing locator at C:\Users\Akbari\AppData\Local\Temp\hub-clone-a7d5a.json
[warn] !  functions: The following emulators are not running, calls to these services from the Functions emulator will affect production: auth, firestore, database, pubsub, storage, eventarc {"metadata":{"emulator":{"name":"functions"},"message":"The following emulators are not running, calls to these services from the Functions emulator will affect production: \u001b[1mauth, firestore, database, pubsub, storage, eventarc\u001b[22m"}}
[info] +  functions: Using node@16 from host. {"metadata":{"emulator":{"name":"functions"},"message":"Using node@16 from host."}}
[debug] [2022-08-15T09:52:18.122Z] defaultcredentials: writing to file C:\Users\Akbari\AppData\Roaming\firebase\akbari01_dev_gmail.com_application_default_credentials.json
[debug] [2022-08-15T09:52:18.124Z] Setting GAC to C:\Users\Akbari\AppData\Roaming\firebase\akbari01_dev_gmail.com_application_default_credentials.json {"metadata":{"emulator":{"name":"functions"},"message":"Setting GAC to C:\\Users\\Akbari\\AppData\\Roaming\\firebase\\akbari01_dev_gmail.com_application_default_credentials.json"}}
[debug] [2022-08-15T09:52:18.126Z] > refreshing access token with scopes: []
[debug] [2022-08-15T09:52:18.130Z] >>> [apiv2][query] POST https://www.googleapis.com/oauth2/v3/token [none]
[debug] [2022-08-15T09:52:18.130Z] >>> [apiv2][body] POST https://www.googleapis.com/oauth2/v3/token [omitted]
[debug] [2022-08-15T09:52:18.821Z] <<< [apiv2][status] POST https://www.googleapis.com/oauth2/v3/token 200
[debug] [2022-08-15T09:52:18.821Z] <<< [apiv2][body] POST https://www.googleapis.com/oauth2/v3/token [omitted]
[debug] [2022-08-15T09:52:18.838Z] >>> [apiv2][query] GET https://firebase.googleapis.com/v1beta1/projects/clone-a7d5a/adminSdkConfig [none]
[debug] [2022-08-15T09:52:19.837Z] <<< [apiv2][status] GET https://firebase.googleapis.com/v1beta1/projects/clone-a7d5a/adminSdkConfig 200
[debug] [2022-08-15T09:52:19.838Z] <<< [apiv2][body] GET https://firebase.googleapis.com/v1beta1/projects/clone-a7d5a/adminSdkConfig {"projectId":"clone-a7d5a","storageBucket":"clone-a7d5a.appspot.com"}
[debug] [2022-08-15T09:52:19.879Z] >>> [apiv2][query] GET https://firebasehosting.googleapis.com/v1beta1/projects/clone-a7d5a/sites 
[debug] [2022-08-15T09:52:22.510Z] <<< [apiv2][status] GET https://firebasehosting.googleapis.com/v1beta1/projects/clone-a7d5a/sites 200
[debug] [2022-08-15T09:52:22.510Z] <<< [apiv2][body] GET https://firebasehosting.googleapis.com/v1beta1/projects/clone-a7d5a/sites {"sites":[{"name":"projects/clone-a7d5a/sites/clone-a7d5a","defaultUrl":"https://clone-a7d5a.web.app","appId":"1:318655555429:web:dffd48672bb399a55da38c","type":"DEFAULT_SITE"}]}
[debug] [2022-08-15T09:52:22.514Z] >>> [apiv2][query] GET https://firebase.googleapis.com/v1beta1/projects/clone-a7d5a/webApps/1:318655555429:web:dffd48672bb399a55da38c/config [none]
[debug] [2022-08-15T09:52:23.721Z] <<< [apiv2][status] GET https://firebase.googleapis.com/v1beta1/projects/clone-a7d5a/webApps/1:318655555429:web:dffd48672bb399a55da38c/config 200
[debug] [2022-08-15T09:52:23.721Z] <<< [apiv2][body] GET https://firebase.googleapis.com/v1beta1/projects/clone-a7d5a/webApps/1:318655555429:web:dffd48672bb399a55da38c/config {"projectId":"clone-a7d5a","appId":"1:318655555429:web:dffd48672bb399a55da38c","storageBucket":"clone-a7d5a.appspot.com","apiKey":"AIzaSyADp3AOkQpVxfwf7ZWHpHI6KpnbwRiT1VU","authDomain":"clone-a7d5a.firebaseapp.com","messagingSenderId":"318655555429","measurementId":"G-WWES0RGSHZ"}
[info] i  hosting: Serving hosting files from: build {"metadata":{"emulator":{"name":"hosting"},"message":"Serving hosting files from: \u001b[1mbuild\u001b[22m"}}
[info] +  hosting: Local server: http://localhost:5000 {"metadata":{"emulator":{"name":"hosting"},"message":"Local server: \u001b[4m\u001b[1mhttp://localhost:5000\u001b[22m\u001b[24m"}}
[info] i  ui: downloading ui-v1.9.0.zip... {"metadata":{"emulator":{"name":"ui"},"message":"downloading ui-v1.9.0.zip..."}}
[debug] [2022-08-15T09:52:23.793Z] >>> [apiv2][query] GET https://storage.googleapis.com/firebase-preview-drop/emulator/ui-v1.9.0.zip 
[debug] [2022-08-15T09:52:24.628Z] <<< [apiv2][status] GET https://storage.googleapis.com/firebase-preview-drop/emulator/ui-v1.9.0.zip 200
[debug] [2022-08-15T09:52:24.628Z] <<< [apiv2][body] GET https://storage.googleapis.com/firebase-preview-drop/emulator/ui-v1.9.0.zip [stream]
[debug] [2022-08-15T09:52:34.853Z] Ignoring unsupported arg: auto_download {"metadata":{"emulator":{"name":"ui"},"message":"Ignoring unsupported arg: auto_download"}}
[debug] [2022-08-15T09:52:34.853Z] Ignoring unsupported arg: port {"metadata":{"emulator":{"name":"ui"},"message":"Ignoring unsupported arg: port"}}
[debug] [2022-08-15T09:52:34.853Z] Starting Emulator UI with command {"binary":"node","args":["C:\\Users\\Akbari\\.cache\\firebase\\emulators\\ui-v1.9.0\\server\\server.js"],"optionalArgs":[],"joinArgs":false} {"metadata":{"emulator":{"name":"ui"},"message":"Starting Emulator UI with command {\"binary\":\"node\",\"args\":[\"C:\\\\Users\\\\Akbari\\\\.cache\\\\firebase\\\\emulators\\\\ui-v1.9.0\\\\server\\\\server.js\"],\"optionalArgs\":[],\"joinArgs\":false}"}}
[info] i  ui: Emulator UI logging to ui-debug.log {"metadata":{"emulator":{"name":"ui"},"message":"Emulator UI logging to \u001b[1mui-debug.log\u001b[22m"}}
[debug] [2022-08-15T09:52:35.066Z] Web / API server started at localhost:4000
 {"metadata":{"emulator":{"name":"ui"},"message":"Web / API server started at localhost:4000\n"}}
[info] i  functions: Watching "C:\Users\Akbari\Desktop\JS\reactapp\amazon-clone\functions" for Cloud Functions... {"metadata":{"emulator":{"name":"functions"},"message":"Watching \"C:\\Users\\Akbari\\Desktop\\JS\\reactapp\\amazon-clone\\functions\" for Cloud Functions..."}}
[debug] [2022-08-15T09:52:35.153Z] Validating nodejs source
[debug] [2022-08-15T09:52:39.278Z] > [functions] package.json contents: {
  "name": "functions",
  "description": "Cloud Functions for Firebase",
  "scripts": {
    "lint": "eslint .",
    "serve": "firebase emulators:start --only functions",
    "shell": "firebase functions:shell",
    "start": "npm run shell",
    "deploy": "firebase deploy --only functions",
    "logs": "firebase functions:log"
  },
  "engines": {
    "node": "16"
  },
  "main": "index.js",
  "dependencies": {
    "cors": "^2.8.5",
    "express": "^4.18.1",
    "firebase-admin": "^10.0.2",
    "firebase-functions": "^3.18.0",
    "stripe": "^10.2.0"
  },
  "devDependencies": {
    "eslint": "^8.9.0",
    "eslint-config-google": "^0.14.0",
    "firebase-functions-test": "^0.2.0"
  },
  "private": true
}
[debug] [2022-08-15T09:52:39.278Z] Building nodejs source
[debug] [2022-08-15T09:52:39.278Z] Analyzing nodejs backend spec
[debug] [2022-08-15T09:52:39.280Z] Could not find functions.yaml. Must use http discovery
[debug] [2022-08-15T09:52:39.651Z] Serving at port 9005

[debug] [2022-08-15T09:52:39.818Z] Got response from /__/functions.yaml {"endpoints":{"api":{"platform":"gcfv1","httpsTrigger":{},"entryPoint":"api"}},"specVersion":"v1alpha1","requiredAPIs":[]}
[debug] [2022-08-15T09:52:39.832Z] shutdown requested via /__/quitquitquit

[info] +  functions: Loaded functions definitions from source: api. {"metadata":{"emulator":{"name":"functions"},"message":"Loaded functions definitions from source: api."}}
[info] +  functions[us-central1-api]: http function initialized (http://localhost:5001/clone-a7d5a/us-central1/api). {"metadata":{"emulator":{"name":"functions"},"message":"\u001b[1mhttp\u001b[22m function initialized (http://localhost:5001/clone-a7d5a/us-central1/api)."}}
[info] 
┌─────────────────────────────────────────────────────────────┐
│ ✔  All emulators ready! It is now safe to connect your app. │
│ i  View Emulator UI at http://localhost:4000                │
└─────────────────────────────────────────────────────────────┘

┌───────────┬────────────────┬─────────────────────────────────┐
│ Emulator  │ Host:Port      │ View in Emulator UI             │
├───────────┼────────────────┼─────────────────────────────────┤
│ Functions │ localhost:5001 │ http://localhost:4000/functions │
├───────────┼────────────────┼─────────────────────────────────┤
│ Hosting   │ localhost:5000 │ n/a                             │
└───────────┴────────────────┴─────────────────────────────────┘
  Emulator Hub running at localhost:4400
  Other reserved ports: 4500

Issues? Report them at https://github.com/firebase/firebase-tools/issues and attach the *-debug.log files.
 
[debug] [2022-08-15T09:55:06.222Z] File C:\Users\Akbari\Desktop\JS\reactapp\amazon-clone\functions\index.js changed, reloading triggers {"metadata":{"emulator":{"name":"functions"},"message":"File C:\\Users\\Akbari\\Desktop\\JS\\reactapp\\amazon-clone\\functions\\index.js changed, reloading triggers"}}
[debug] [2022-08-15T09:55:07.236Z] Validating nodejs source
[debug] [2022-08-15T09:55:11.089Z] > [functions] package.json contents: {
  "name": "functions",
  "description": "Cloud Functions for Firebase",
  "scripts": {
    "lint": "eslint .",
    "serve": "firebase emulators:start --only functions",
    "shell": "firebase functions:shell",
    "start": "npm run shell",
    "deploy": "firebase deploy --only functions",
    "logs": "firebase functions:log"
  },
  "engines": {
    "node": "16"
  },
  "main": "index.js",
  "dependencies": {
    "cors": "^2.8.5",
    "express": "^4.18.1",
    "firebase-admin": "^10.0.2",
    "firebase-functions": "^3.18.0",
    "stripe": "^10.2.0"
  },
  "devDependencies": {
    "eslint": "^8.9.0",
    "eslint-config-google": "^0.14.0",
    "firebase-functions-test": "^0.2.0"
  },
  "private": true
}
[debug] [2022-08-15T09:55:11.089Z] Building nodejs source
[debug] [2022-08-15T09:55:11.089Z] Analyzing nodejs backend spec
[debug] [2022-08-15T09:55:11.091Z] Could not find functions.yaml. Must use http discovery
[debug] [2022-08-15T09:55:11.102Z] File C:\Users\Akbari\Desktop\JS\reactapp\amazon-clone\functions\index.js changed, reloading triggers {"metadata":{"emulator":{"name":"functions"},"message":"File C:\\Users\\Akbari\\Desktop\\JS\\reactapp\\amazon-clone\\functions\\index.js changed, reloading triggers"}}
[debug] [2022-08-15T09:55:11.431Z] Serving at port 9005

[debug] [2022-08-15T09:55:11.589Z] Got response from /__/functions.yaml {"endpoints":{"api":{"platform":"gcfv1","httpsTrigger":{},"entryPoint":"api"}},"specVersion":"v1alpha1","requiredAPIs":[]}
[debug] [2022-08-15T09:55:11.597Z] shutdown requested via /__/quitquitquit

[info] +  functions: Loaded functions definitions from source: api. {"metadata":{"emulator":{"name":"functions"},"message":"Loaded functions definitions from source: api."}}
[debug] [2022-08-15T09:55:12.107Z] Validating nodejs source
[debug] [2022-08-15T09:55:17.875Z] > [functions] package.json contents: {
  "name": "functions",
  "description": "Cloud Functions for Firebase",
  "scripts": {
    "lint": "eslint .",
    "serve": "firebase emulators:start --only functions",
    "shell": "firebase functions:shell",
    "start": "npm run shell",
    "deploy": "firebase deploy --only functions",
    "logs": "firebase functions:log"
  },
  "engines": {
    "node": "16"
  },
  "main": "index.js",
  "dependencies": {
    "cors": "^2.8.5",
    "express": "^4.18.1",
    "firebase-admin": "^10.0.2",
    "firebase-functions": "^3.18.0",
    "stripe": "^10.2.0"
  },
  "devDependencies": {
    "eslint": "^8.9.0",
    "eslint-config-google": "^0.14.0",
    "firebase-functions-test": "^0.2.0"
  },
  "private": true
}
[debug] [2022-08-15T09:55:17.877Z] Building nodejs source
[debug] [2022-08-15T09:55:17.878Z] Analyzing nodejs backend spec
[debug] [2022-08-15T09:55:17.880Z] Could not find functions.yaml. Must use http discovery
[debug] [2022-08-15T09:55:19.257Z] Serving at port 9005

[debug] [2022-08-15T09:55:19.733Z] Got response from /__/functions.yaml {"endpoints":{"api":{"platform":"gcfv1","httpsTrigger":{},"entryPoint":"api"}},"specVersion":"v1alpha1","requiredAPIs":[]}
[debug] [2022-08-15T09:55:19.768Z] shutdown requested via /__/quitquitquit

[info] +  functions: Loaded functions definitions from source: api. {"metadata":{"emulator":{"name":"functions"},"message":"Loaded functions definitions from source: api."}}
[debug] [2022-08-15T09:55:45.803Z] [work-queue] {"queueLength":1,"workRunningCount":0}
[debug] [2022-08-15T09:55:45.803Z] [work-queue] {"queueLength":0,"workRunningCount":1}
[debug] [2022-08-15T09:55:45.803Z] Accepted request GET /clone-a7d5a/us-central1/api --> us-central1-api
[debug] [2022-08-15T09:55:45.815Z] [worker-pool] addWorker(us-central1-api) {"metadata":{"emulator":{"name":"functions"},"message":"[worker-pool] addWorker(us-central1-api)"}}
[debug] [2022-08-15T09:55:45.815Z] [worker-pool] Adding worker with key us-central1-api, total=1 {"metadata":{"emulator":{"name":"functions"},"message":"[worker-pool] Adding worker with key us-central1-api, total=1"}}
[debug] [2022-08-15T09:55:45.816Z] [worker-pool] submitWork(triggerId=us-central1-api) {"metadata":{"emulator":{"name":"functions"},"message":"[worker-pool] submitWork(triggerId=us-central1-api)"}}
[debug] [2022-08-15T09:55:45.816Z] [worker-us-central1-api-54a73d4b-a093-4f3f-a3a8-ce2ceeb35c6c]: BUSY {"metadata":{"emulator":{"name":"functions"},"message":"[worker-us-central1-api-54a73d4b-a093-4f3f-a3a8-ce2ceeb35c6c]: BUSY"}}
[debug] [2022-08-15T09:55:48.377Z] [runtime-status] [13368] Resolved module firebase-admin {"declared":true,"installed":true,"version":"10.3.0","resolution":"C:\\Users\\Akbari\\Desktop\\JS\\reactapp\\amazon-clone\\functions\\node_modules\\firebase-admin\\lib\\index.js"} {"metadata":{"emulator":{"name":"functions"},"function":{"name":"us-central1-api"},"extension":{},"message":"[runtime-status] [13368] Resolved module firebase-admin {\"declared\":true,\"installed\":true,\"version\":\"10.3.0\",\"resolution\":\"C:\\\\Users\\\\Akbari\\\\Desktop\\\\JS\\\\reactapp\\\\amazon-clone\\\\functions\\\\node_modules\\\\firebase-admin\\\\lib\\\\index.js\"}"}}
[debug] [2022-08-15T09:55:48.379Z] [runtime-status] [13368] Resolved module firebase-functions {"declared":true,"installed":true,"version":"3.22.0","resolution":"C:\\Users\\Akbari\\Desktop\\JS\\reactapp\\amazon-clone\\functions\\node_modules\\firebase-functions\\lib\\index.js"} {"metadata":{"emulator":{"name":"functions"},"function":{"name":"us-central1-api"},"extension":{},"message":"[runtime-status] [13368] Resolved module firebase-functions {\"declared\":true,\"installed\":true,\"version\":\"3.22.0\",\"resolution\":\"C:\\\\Users\\\\Akbari\\\\Desktop\\\\JS\\\\reactapp\\\\amazon-clone\\\\functions\\\\node_modules\\\\firebase-functions\\\\lib\\\\index.js\"}"}}
[debug] [2022-08-15T09:55:48.379Z] [runtime-status] [13368] Outgoing network have been stubbed. [{"name":"http","status":"mocked"},{"name":"http","status":"mocked"},{"name":"https","status":"mocked"},{"name":"https","status":"mocked"},{"name":"net","status":"mocked"}] {"metadata":{"emulator":{"name":"functions"},"function":{"name":"us-central1-api"},"extension":{},"message":"[runtime-status] [13368] Outgoing network have been stubbed. [{\"name\":\"http\",\"status\":\"mocked\"},{\"name\":\"http\",\"status\":\"mocked\"},{\"name\":\"https\",\"status\":\"mocked\"},{\"name\":\"https\",\"status\":\"mocked\"},{\"name\":\"net\",\"status\":\"mocked\"}]"}}
[debug] [2022-08-15T09:55:48.382Z] [runtime-status] [13368] Resolved module firebase-functions {"declared":true,"installed":true,"version":"3.22.0","resolution":"C:\\Users\\Akbari\\Desktop\\JS\\reactapp\\amazon-clone\\functions\\node_modules\\firebase-functions\\lib\\index.js"} {"metadata":{"emulator":{"name":"functions"},"function":{"name":"us-central1-api"},"extension":{},"message":"[runtime-status] [13368] Resolved module firebase-functions {\"declared\":true,\"installed\":true,\"version\":\"3.22.0\",\"resolution\":\"C:\\\\Users\\\\Akbari\\\\Desktop\\\\JS\\\\reactapp\\\\amazon-clone\\\\functions\\\\node_modules\\\\firebase-functions\\\\lib\\\\index.js\"}"}}
[debug] [2022-08-15T09:55:48.470Z] [runtime-status] [13368] Checked functions.config() {"config":{}} {"metadata":{"emulator":{"name":"functions"},"function":{"name":"us-central1-api"},"extension":{},"message":"[runtime-status] [13368] Checked functions.config() {\"config\":{}}"}}
[debug] [2022-08-15T09:55:48.471Z] [runtime-status] [13368] firebase-functions has been stubbed. {"functionsResolution":{"declared":true,"installed":true,"version":"3.22.0","resolution":"C:\\Users\\Akbari\\Desktop\\JS\\reactapp\\amazon-clone\\functions\\node_modules\\firebase-functions\\lib\\index.js"}} {"metadata":{"emulator":{"name":"functions"},"function":{"name":"us-central1-api"},"extension":{},"message":"[runtime-status] [13368] firebase-functions has been stubbed. {\"functionsResolution\":{\"declared\":true,\"installed\":true,\"version\":\"3.22.0\",\"resolution\":\"C:\\\\Users\\\\Akbari\\\\Desktop\\\\JS\\\\reactapp\\\\amazon-clone\\\\functions\\\\node_modules\\\\firebase-functions\\\\lib\\\\index.js\"}}"}}
[debug] [2022-08-15T09:55:48.472Z] [runtime-status] [13368] Resolved module firebase-functions {"declared":true,"installed":true,"version":"3.22.0","resolution":"C:\\Users\\Akbari\\Desktop\\JS\\reactapp\\amazon-clone\\functions\\node_modules\\firebase-functions\\lib\\index.js"} {"metadata":{"emulator":{"name":"functions"},"function":{"name":"us-central1-api"},"extension":{},"message":"[runtime-status] [13368] Resolved module firebase-functions {\"declared\":true,\"installed\":true,\"version\":\"3.22.0\",\"resolution\":\"C:\\\\Users\\\\Akbari\\\\Desktop\\\\JS\\\\reactapp\\\\amazon-clone\\\\functions\\\\node_modules\\\\firebase-functions\\\\lib\\\\index.js\"}"}}
[debug] [2022-08-15T09:55:48.474Z] [runtime-status] [13368] Resolved module firebase-admin {"declared":true,"installed":true,"version":"10.3.0","resolution":"C:\\Users\\Akbari\\Desktop\\JS\\reactapp\\amazon-clone\\functions\\node_modules\\firebase-admin\\lib\\index.js"} {"metadata":{"emulator":{"name":"functions"},"function":{"name":"us-central1-api"},"extension":{},"message":"[runtime-status] [13368] Resolved module firebase-admin {\"declared\":true,\"installed\":true,\"version\":\"10.3.0\",\"resolution\":\"C:\\\\Users\\\\Akbari\\\\Desktop\\\\JS\\\\reactapp\\\\amazon-clone\\\\functions\\\\node_modules\\\\firebase-admin\\\\lib\\\\index.js\"}"}}
[debug] [2022-08-15T09:55:48.477Z] [runtime-status] [13368] Resolved module firebase-functions {"declared":true,"installed":true,"version":"3.22.0","resolution":"C:\\Users\\Akbari\\Desktop\\JS\\reactapp\\amazon-clone\\functions\\node_modules\\firebase-functions\\lib\\index.js"} {"metadata":{"emulator":{"name":"functions"},"function":{"name":"us-central1-api"},"extension":{},"message":"[runtime-status] [13368] Resolved module firebase-functions {\"declared\":true,\"installed\":true,\"version\":\"3.22.0\",\"resolution\":\"C:\\\\Users\\\\Akbari\\\\Desktop\\\\JS\\\\reactapp\\\\amazon-clone\\\\functions\\\\node_modules\\\\firebase-functions\\\\lib\\\\index.js\"}"}}
[debug] [2022-08-15T09:55:48.478Z] [runtime-status] [13368] firebase-admin has been stubbed. {"adminResolution":{"declared":true,"installed":true,"version":"10.3.0","resolution":"C:\\Users\\Akbari\\Desktop\\JS\\reactapp\\amazon-clone\\functions\\node_modules\\firebase-admin\\lib\\index.js"}} {"metadata":{"emulator":{"name":"functions"},"function":{"name":"us-central1-api"},"extension":{},"message":"[runtime-status] [13368] firebase-admin has been stubbed. {\"adminResolution\":{\"declared\":true,\"installed\":true,\"version\":\"10.3.0\",\"resolution\":\"C:\\\\Users\\\\Akbari\\\\Desktop\\\\JS\\\\reactapp\\\\amazon-clone\\\\functions\\\\node_modules\\\\firebase-admin\\\\lib\\\\index.js\"}}"}}
[debug] [2022-08-15T09:55:48.478Z] [runtime-status] [13368] Functions runtime initialized. {"cwd":"C:\\Users\\Akbari\\Desktop\\JS\\reactapp\\amazon-clone\\functions","node_version":"16.14.0"} {"metadata":{"emulator":{"name":"functions"},"function":{"name":"us-central1-api"},"extension":{},"message":"[runtime-status] [13368] Functions runtime initialized. {\"cwd\":\"C:\\\\Users\\\\Akbari\\\\Desktop\\\\JS\\\\reactapp\\\\amazon-clone\\\\functions\",\"node_version\":\"16.14.0\"}"}}
[debug] [2022-08-15T09:55:48.753Z] [runtime-status] [13368] Beginning invocation function api! {"metadata":{"emulator":{"name":"functions"},"function":{"name":"us-central1-api"},"extension":{},"message":"[runtime-status] [13368] Beginning invocation function api!"}}
[info] i  functions: Beginning execution of "api" {"metadata":{"emulator":{"name":"functions"},"function":{"name":"us-central1-api"},"extension":{},"message":"Beginning execution of \"api\""}}
[debug] [2022-08-15T09:55:48.755Z] [runtime-status] [13368] Running api in signature http {"metadata":{"emulator":{"name":"functions"},"function":{"name":"us-central1-api"},"extension":{},"message":"[runtime-status] [13368] Running api in signature http"}}
[debug] [2022-08-15T09:55:48.765Z] [runtime-status] [13368] Listening to port: \\?\pipe\fire_emu_e17d16978810dc49 {"metadata":{"emulator":{"name":"functions"},"function":{"name":"us-central1-api"},"extension":{},"message":"[runtime-status] [13368] Listening to port: \\\\?\\pipe\\fire_emu_e17d16978810dc49"}}
[debug] [2022-08-15T09:55:48.818Z] [functions] Runtime ready! Sending request! {"metadata":{"emulator":{"name":"functions"},"message":"[functions] Runtime ready! Sending request!"}}
[debug] [2022-08-15T09:55:48.819Z] [functions] Got req.url=/clone-a7d5a/us-central1/api, mapping to path=/ {"metadata":{"emulator":{"name":"functions"},"message":"[functions] Got req.url=/clone-a7d5a/us-central1/api, mapping to path=/"}}
[debug] [2022-08-15T09:55:48.821Z] [runtime-status] [13368] Ephemeral server handling GET request {"metadata":{"emulator":{"name":"functions"},"function":{"name":"us-central1-api"},"extension":{},"message":"[runtime-status] [13368] Ephemeral server handling GET request"}}
[debug] [2022-08-15T09:55:48.828Z] [runtime-status] [13368] Ephemeral server survived. {"metadata":{"emulator":{"name":"functions"},"function":{"name":"us-central1-api"},"extension":{},"message":"[runtime-status] [13368] Ephemeral server survived."}}
[info] i  functions: Finished "api" in ~1s {"metadata":{"emulator":{"name":"functions"},"function":{"name":"us-central1-api"},"extension":{},"message":"Finished \"api\" in ~1s"}}
[debug] [2022-08-15T09:55:48.831Z] [worker-us-central1-api-54a73d4b-a093-4f3f-a3a8-ce2ceeb35c6c]: IDLE {"metadata":{"emulator":{"name":"functions"},"message":"[worker-us-central1-api-54a73d4b-a093-4f3f-a3a8-ce2ceeb35c6c]: IDLE"}}
[debug] [2022-08-15T09:55:48.831Z] [work-queue] {"queueLength":0,"workRunningCount":0}
[debug] [2022-08-15T09:55:49.169Z] Functions emulator received unknown request at path /favicon.ico
[debug] [2022-08-15T10:11:54.207Z] [work-queue] {"queueLength":1,"workRunningCount":0}
[debug] [2022-08-15T10:11:54.208Z] [work-queue] {"queueLength":0,"workRunningCount":1}
[debug] [2022-08-15T10:11:54.208Z] Accepted request GET /clone-a7d5a/us-central1/api --> us-central1-api
[debug] [2022-08-15T10:11:54.209Z] [worker-pool] submitWork(triggerId=us-central1-api) {"metadata":{"emulator":{"name":"functions"},"message":"[worker-pool] submitWork(triggerId=us-central1-api)"}}
[debug] [2022-08-15T10:11:54.209Z] [worker-us-central1-api-54a73d4b-a093-4f3f-a3a8-ce2ceeb35c6c]: BUSY {"metadata":{"emulator":{"name":"functions"},"message":"[worker-us-central1-api-54a73d4b-a093-4f3f-a3a8-ce2ceeb35c6c]: BUSY"}}
[debug] [2022-08-15T10:11:54.210Z] [runtime-status] [13368] Beginning invocation function api! {"metadata":{"emulator":{"name":"functions"},"function":{"name":"us-central1-api"},"extension":{},"message":"[runtime-status] [13368] Beginning invocation function api!"}}
[info] i  functions: Beginning execution of "api" {"metadata":{"emulator":{"name":"functions"},"function":{"name":"us-central1-api"},"extension":{},"message":"Beginning execution of \"api\""}}
[debug] [2022-08-15T10:11:54.213Z] [runtime-status] [13368] Running api in signature http {"metadata":{"emulator":{"name":"functions"},"function":{"name":"us-central1-api"},"extension":{},"message":"[runtime-status] [13368] Running api in signature http"}}
[debug] [2022-08-15T10:11:54.215Z] [runtime-status] [13368] Listening to port: \\?\pipe\fire_emu_e17d16978810dc49 {"metadata":{"emulator":{"name":"functions"},"function":{"name":"us-central1-api"},"extension":{},"message":"[runtime-status] [13368] Listening to port: \\\\?\\pipe\\fire_emu_e17d16978810dc49"}}
[debug] [2022-08-15T10:11:54.330Z] [functions] Runtime ready! Sending request! {"metadata":{"emulator":{"name":"functions"},"message":"[functions] Runtime ready! Sending request!"}}
[debug] [2022-08-15T10:11:54.330Z] [functions] Got req.url=/clone-a7d5a/us-central1/api, mapping to path=/ {"metadata":{"emulator":{"name":"functions"},"message":"[functions] Got req.url=/clone-a7d5a/us-central1/api, mapping to path=/"}}
[debug] [2022-08-15T10:11:54.332Z] [runtime-status] [13368] Ephemeral server handling GET request {"metadata":{"emulator":{"name":"functions"},"function":{"name":"us-central1-api"},"extension":{},"message":"[runtime-status] [13368] Ephemeral server handling GET request"}}
[debug] [2022-08-15T10:11:54.334Z] [runtime-status] [13368] Ephemeral server survived. {"metadata":{"emulator":{"name":"functions"},"function":{"name":"us-central1-api"},"extension":{},"message":"[runtime-status] [13368] Ephemeral server survived."}}
[info] i  functions: Finished "api" in ~1s {"metadata":{"emulator":{"name":"functions"},"function":{"name":"us-central1-api"},"extension":{},"message":"Finished \"api\" in ~1s"}}
[debug] [2022-08-15T10:11:54.341Z] [worker-us-central1-api-54a73d4b-a093-4f3f-a3a8-ce2ceeb35c6c]: IDLE {"metadata":{"emulator":{"name":"functions"},"message":"[worker-us-central1-api-54a73d4b-a093-4f3f-a3a8-ce2ceeb35c6c]: IDLE"}}
[debug] [2022-08-15T10:11:54.341Z] [work-queue] {"queueLength":0,"workRunningCount":0}
